Info: Generated by version: 18.1 build 222
Info: Starting: Create block symbol file (.bsf)
Info: qsys-generate F:\hk\Z8_NEW\Z8_boardout_init\src\BCM54991EL\xgmii5g_fifo.ip --block-symbol-file --output-directory=F:\hk\Z8_NEW\Z8_boardout_init\src\BCM54991EL\xgmii5g_fifo --family="Arria 10" --part=10AX027H4F34E3SG
: xgmii5g_fifo.fifo_0: Targeting device family: Arria 10.
: xgmii5g_fifo.fifo_0: Tab: 'SCFIFO Options' is unavailable while using Dual-Clock FIFO.
: xgmii5g_fifo.fifo_0: 'Output register option' is unavailable while using Dual-Clock FIFO.
: xgmii5g_fifo.fifo_0: SDC file will be generated to apply correct constraints. User may experience increase in fitter compilation time
: xgmii5g_fifo.fifo_0: Embedded set_false_path assignment is disabled.
Info: qsys-generate succeeded.
Info: Finished: Create block symbol file (.bsf)
Info: 
Info: Starting: Create HDL design files for synthesis
Info: qsys-generate F:\hk\Z8_NEW\Z8_boardout_init\src\BCM54991EL\xgmii5g_fifo.ip --synthesis=VERILOG --output-directory=F:\hk\Z8_NEW\Z8_boardout_init\src\BCM54991EL\xgmii5g_fifo --family="Arria 10" --part=10AX027H4F34E3SG
: xgmii5g_fifo.fifo_0: Targeting device family: Arria 10.
: xgmii5g_fifo.fifo_0: Tab: 'SCFIFO Options' is unavailable while using Dual-Clock FIFO.
: xgmii5g_fifo.fifo_0: 'Output register option' is unavailable while using Dual-Clock FIFO.
: xgmii5g_fifo.fifo_0: SDC file will be generated to apply correct constraints. User may experience increase in fitter compilation time
: xgmii5g_fifo.fifo_0: Embedded set_false_path assignment is disabled.
Info: xgmii5g_fifo: "Transforming system: xgmii5g_fifo"
Info: xgmii5g_fifo: "Naming system components in system: xgmii5g_fifo"
Info: xgmii5g_fifo: "Processing generation queue"
Info: xgmii5g_fifo: "Generating: xgmii5g_fifo"
Info: xgmii5g_fifo: "Generating: xgmii5g_fifo_fifo_181_6h3aqba"
Info: xgmii5g_fifo: Done "xgmii5g_fifo" with 2 modules, 3 files
Info: qsys-generate succeeded.
Info: Finished: Create HDL design files for synthesis
Info: Starting: Generate IP Core Documentation
Info: No documentation filesets were found for components in xgmii5g_fifo. No files generated.
Info: Finished: Generate IP Core Documentation
