Info: Generated by version: 18.1 build 222
Info: Starting: Create block symbol file (.bsf)
Info: qsys-generate L:\project\28_Z8_fiber\Z8_boardout_init_0.66_20200902\src\serdes_dataout\serdes_reset\serdes_reset.ip --block-symbol-file --output-directory=L:\project\28_Z8_fiber\Z8_boardout_init_0.66_20200902\src\serdes_dataout\serdes_reset\serdes_reset --family="Arria 10" --part=10AX027H4F34E3SG
Info: qsys-generate succeeded.
Info: Finished: Create block symbol file (.bsf)
Info: 
Info: Starting: Create HDL design files for synthesis
Info: qsys-generate L:\project\28_Z8_fiber\Z8_boardout_init_0.66_20200902\src\serdes_dataout\serdes_reset\serdes_reset.ip --synthesis=VERILOG --output-directory=L:\project\28_Z8_fiber\Z8_boardout_init_0.66_20200902\src\serdes_dataout\serdes_reset\serdes_reset --family="Arria 10" --part=10AX027H4F34E3SG
Info: serdes_reset: "Transforming system: serdes_reset"
Info: serdes_reset: "Naming system components in system: serdes_reset"
Info: serdes_reset: "Processing generation queue"
Info: serdes_reset: "Generating: serdes_reset"
Info: serdes_reset: "Generating: altera_xcvr_reset_control"
Info: xcvr_reset_control_0: add_fileset_file ./altera_xcvr_functions.sv SYSTEM_VERILOG PATH ../../../altera_xcvr_generic/altera_xcvr_functions.sv
Info: xcvr_reset_control_0: add_fileset_file ./alt_xcvr_resync.sv SYSTEM_VERILOG PATH ../../../altera_xcvr_generic/ctrl/alt_xcvr_resync.sv
Info: xcvr_reset_control_0: add_fileset_file ./altera_xcvr_reset_control.sv SYSTEM_VERILOG PATH ..//altera_xcvr_reset_control.sv
Info: xcvr_reset_control_0: add_fileset_file ./alt_xcvr_reset_counter.sv SYSTEM_VERILOG PATH ..//alt_xcvr_reset_counter.sv
Info: serdes_reset: Done "serdes_reset" with 2 modules, 6 files
Info: qsys-generate succeeded.
Info: Finished: Create HDL design files for synthesis
Info: Starting: Generate IP Core Documentation
Info: No documentation filesets were found for components in serdes_reset. No files generated.
Info: Finished: Generate IP Core Documentation
