Info: Generated by version: 18.1 build 222
Info: Starting: Create block symbol file (.bsf)
Info: qsys-generate F:\hk\Z8_NEW\sub_in\x100_hdmi_4rx\src\update\generic_spi_flash.ip --block-symbol-file --output-directory=F:\hk\Z8_NEW\sub_in\x100_hdmi_4rx\src\update\generic_spi_flash --family="Arria 10" --part=10AX027H4F34E3SG
Info: qsys-generate succeeded.
Info: Finished: Create block symbol file (.bsf)
Info: 
Info: Starting: Create HDL design files for synthesis
Info: qsys-generate F:\hk\Z8_NEW\sub_in\x100_hdmi_4rx\src\update\generic_spi_flash.ip --synthesis=VERILOG --output-directory=F:\hk\Z8_NEW\sub_in\x100_hdmi_4rx\src\update\generic_spi_flash --family="Arria 10" --part=10AX027H4F34E3SG
Info: generic_spi_flash: "Transforming system: generic_spi_flash"
Info: generic_spi_flash: "Naming system components in system: generic_spi_flash"
Info: generic_spi_flash: "Processing generation queue"
Info: generic_spi_flash: "Generating: generic_spi_flash"
Info: generic_spi_flash: "Generating: generic_spi_flash_intel_generic_serial_flash_interface_top_181_zqmrk7a"
Info: generic_spi_flash: "Generating: intel_generic_serial_flash_interface_csr"
Info: generic_spi_flash: "Generating: generic_spi_flash_intel_generic_serial_flash_interface_xip_181_mdszy4q"
Info: avst_fifo: "Generating: avst_fifo"
Info: generic_spi_flash: "Generating: intel_generic_serial_flash_interface_addr"
Info: generic_spi_flash: "Generating: generic_spi_flash_altera_merlin_demultiplexer_181_hnib7fa"
Info: generic_spi_flash: "Generating: generic_spi_flash_altera_merlin_multiplexer_181_x7wtypi"
Info: generic_spi_flash: "Generating: intel_generic_serial_flash_interface_cmd"
Info: generic_spi_flash: "Generating: generic_spi_flash_intel_generic_serial_flash_interface_if_ctrl_181_kygc6zi"
Info: qspi_inf_mux: "Generating: qspi_inf_mux"
Info: inf_sc_fifo_ser_data: "Generating: inf_sc_fifo_ser_data"
Info: generic_spi_flash: "Generating: altera_reset_controller"
Info: generic_spi_flash: "Generating: avst_fifo"
Info: generic_spi_flash: "Generating: qspi_inf_mux"
Info: generic_spi_flash: "Generating: inf_sc_fifo_ser_data"
Info: generic_spi_flash: "Generating: generic_spi_flash_altera_avalon_sc_fifo_181_hseo73i"
Info: generic_spi_flash: "Generating: generic_spi_flash_altera_merlin_multiplexer_181_bacy55i"
Info: generic_spi_flash: Done "generic_spi_flash" with 15 modules, 20 files
Info: qsys-generate succeeded.
Info: Finished: Create HDL design files for synthesis
Info: Starting: Generate IP Core Documentation
Info: No documentation filesets were found for components in generic_spi_flash. No files generated.
Info: Finished: Generate IP Core Documentation
