Info: Generated by version: 18.1 build 222
Info: Starting: Create block symbol file (.bsf)
Info: qsys-generate G:\Fiber_PCB3.0_verify\fiber3.0_transceiver_tx_verify_ver0.02\src\serdes_dataout\serdes_ip\serdes_ip.ip --block-symbol-file --output-directory=G:\Fiber_PCB3.0_verify\fiber3.0_transceiver_tx_verify_ver0.02\src\serdes_dataout\serdes_ip\serdes_ip --family="Arria 10" --part=10AX032H4F34E3SG
Info: serdes_ip.xcvr_native_a10_0: Simplified data interface has been enabled. The Native PHY will present the data/control interface for the current configuration only. Dynamic reconfiguration of the data interface cannot be supported. The unused_tx_parallel_data and unused_tx_control ports should be connected to 0.
Info: serdes_ip.xcvr_native_a10_0: The "tx_pma_div_clkout" port should not be used for register mode data transfers (Relevant parameter: "Enable tx_pma_div_clkout port" (enable_port_tx_pma_div_clkout)).
Info: serdes_ip.xcvr_native_a10_0: The "rx_pma_div_clkout" port should not be used for register mode data transfers (Relevant parameter: "Enable rx_pma_div_clkout port" (enable_port_rx_pma_div_clkout)).
Info: serdes_ip.xcvr_native_a10_0: Note - When dynamic reconfiguration is enabled, users are recommended to enable multiple reconfiguration profiles for Quartus to perform robust timing closure
Info: serdes_ip.xcvr_native_a10_0: For the selected device(10AX032H4F34E3SG), transceiver speed grade is 4 and core speed grade is 3.
Info: serdes_ip.xcvr_native_a10_0: Note - The external TX PLL IP must be configured with an output clock frequency of 5156.25 MHz.
Info: qsys-generate succeeded.
Info: Finished: Create block symbol file (.bsf)
Info: 
Info: Starting: Create HDL design files for synthesis
Info: qsys-generate G:\Fiber_PCB3.0_verify\fiber3.0_transceiver_tx_verify_ver0.02\src\serdes_dataout\serdes_ip\serdes_ip.ip --synthesis=VERILOG --output-directory=G:\Fiber_PCB3.0_verify\fiber3.0_transceiver_tx_verify_ver0.02\src\serdes_dataout\serdes_ip\serdes_ip --family="Arria 10" --part=10AX032H4F34E3SG
Info: serdes_ip.xcvr_native_a10_0: Simplified data interface has been enabled. The Native PHY will present the data/control interface for the current configuration only. Dynamic reconfiguration of the data interface cannot be supported. The unused_tx_parallel_data and unused_tx_control ports should be connected to 0.
Info: serdes_ip.xcvr_native_a10_0: The "tx_pma_div_clkout" port should not be used for register mode data transfers (Relevant parameter: "Enable tx_pma_div_clkout port" (enable_port_tx_pma_div_clkout)).
Info: serdes_ip.xcvr_native_a10_0: The "rx_pma_div_clkout" port should not be used for register mode data transfers (Relevant parameter: "Enable rx_pma_div_clkout port" (enable_port_rx_pma_div_clkout)).
Info: serdes_ip.xcvr_native_a10_0: Note - When dynamic reconfiguration is enabled, users are recommended to enable multiple reconfiguration profiles for Quartus to perform robust timing closure
Info: serdes_ip.xcvr_native_a10_0: For the selected device(10AX032H4F34E3SG), transceiver speed grade is 4 and core speed grade is 3.
Info: serdes_ip.xcvr_native_a10_0: Note - The external TX PLL IP must be configured with an output clock frequency of 5156.25 MHz.
Info: serdes_ip: "Transforming system: serdes_ip"
Info: serdes_ip: "Naming system components in system: serdes_ip"
Info: serdes_ip: "Processing generation queue"
Info: serdes_ip: "Generating: serdes_ip"
Info: serdes_ip: "Generating: serdes_ip_altera_xcvr_native_a10_181_zfa42ra"
Info: xcvr_native_a10_0: add_fileset_file ./alt_xcvr_resync.sv SYSTEM_VERILOG PATH ../../../../altera_xcvr_generic/ctrl/alt_xcvr_resync.sv
Info: xcvr_native_a10_0: add_fileset_file ./alt_xcvr_arbiter.sv SYSTEM_VERILOG PATH ../../../../altera_xcvr_generic/ctrl/alt_xcvr_arbiter.sv
Info: xcvr_native_a10_0: add_fileset_file ./twentynm_pcs.sv SYSTEM_VERILOG PATH ../../../alt_xcvr_core/nf/twentynm_pcs.sv
Info: xcvr_native_a10_0: add_fileset_file ./twentynm_pma.sv SYSTEM_VERILOG PATH ../../../alt_xcvr_core/nf/twentynm_pma.sv
Info: xcvr_native_a10_0: add_fileset_file ./twentynm_xcvr_avmm.sv SYSTEM_VERILOG PATH ../../../alt_xcvr_core/nf/twentynm_xcvr_avmm.sv
Info: xcvr_native_a10_0: add_fileset_file ./twentynm_xcvr_native.sv SYSTEM_VERILOG PATH ../../../alt_xcvr_core/nf/twentynm_xcvr_native.sv
Info: xcvr_native_a10_0: add_fileset_file ./altera_xcvr_native_a10_functions_h.sv SYSTEM_VERILOG PATH ..//altera_xcvr_native_a10_functions_h.sv
Info: xcvr_native_a10_0: add_fileset_file ./a10_avmm_h.sv SYSTEM_VERILOG PATH ..//a10_avmm_h.sv
Info: xcvr_native_a10_0: add_fileset_file ./alt_xcvr_native_pipe_retry.sv SYSTEM_VERILOG PATH ..//alt_xcvr_native_pipe_retry.sv
Info: xcvr_native_a10_0: add_fileset_file ./alt_xcvr_native_avmm_csr.sv SYSTEM_VERILOG PATH ..//alt_xcvr_native_avmm_csr.sv
Info: xcvr_native_a10_0: add_fileset_file ./alt_xcvr_native_prbs_accum.sv SYSTEM_VERILOG PATH ..//alt_xcvr_native_prbs_accum.sv
Info: xcvr_native_a10_0: add_fileset_file ./alt_xcvr_native_odi_accel.sv SYSTEM_VERILOG PATH ..//alt_xcvr_native_odi_accel.sv
Info: xcvr_native_a10_0: add_fileset_file ./alt_xcvr_native_rcfg_arb.sv SYSTEM_VERILOG PATH ..//alt_xcvr_native_rcfg_arb.sv
Info: xcvr_native_a10_0: add_fileset_file ./altera_xcvr_native_a10_false_paths.sdc SDC PATH ..//altera_xcvr_native_a10_false_paths.sdc
Info: xcvr_native_a10_0: add_fileset_file ./altera_xcvr_native_pcie_dfe_params_h.sv SYSTEM_VERILOG PATH ../pcie_dfe_ip/altera_xcvr_native_pcie_dfe_params_h.sv
Info: xcvr_native_a10_0: add_fileset_file ./pcie_mgmt_commands_h.sv SYSTEM_VERILOG PATH ../pcie_dfe_ip/pcie_mgmt_commands_h.sv
Info: xcvr_native_a10_0: add_fileset_file ./pcie_mgmt_functions_h.sv SYSTEM_VERILOG PATH ../pcie_dfe_ip/pcie_mgmt_functions_h.sv
Info: xcvr_native_a10_0: add_fileset_file ./pcie_mgmt_program.sv SYSTEM_VERILOG PATH ../pcie_dfe_ip/pcie_mgmt_program.sv
Info: xcvr_native_a10_0: add_fileset_file ./pcie_mgmt_cpu.sv SYSTEM_VERILOG PATH ../pcie_dfe_ip/pcie_mgmt_cpu.sv
Info: xcvr_native_a10_0: add_fileset_file ./pcie_mgmt_master.sv SYSTEM_VERILOG PATH ../pcie_dfe_ip/pcie_mgmt_master.sv
Info: xcvr_native_a10_0: add_fileset_file ./altera_xcvr_native_pcie_dfe_ip.sv SYSTEM_VERILOG PATH ../pcie_dfe_ip/altera_xcvr_native_pcie_dfe_ip.sv
Info: xcvr_native_a10_0: Building configuration data for reconfiguration profile 0
Info: serdes_ip: Done "serdes_ip" with 2 modules, 26 files
Info: qsys-generate succeeded.
Info: Finished: Create HDL design files for synthesis
Info: Starting: Generate IP Core Documentation
Info: No documentation filesets were found for components in serdes_ip. No files generated.
Info: Finished: Generate IP Core Documentation
