Info: Generated by version: 18.1 build 222
Info: Starting: Create block symbol file (.bsf)
Info: qsys-generate E:\Z8\Z8_out_fiber20210207\src\IP\txParam_dram.ip --block-symbol-file --output-directory=E:\Z8\Z8_out_fiber20210207\src\IP\txParam_dram --family="Arria 10" --part=10AX027H4F34E3SG
: txParam_dram.ram_2port_0: Targeting device family: Arria 10.
: txParam_dram.ram_2port_0: 'q_a' output bus width will be ignored while using one read port and one write port mode.
: txParam_dram.ram_2port_0: Tab Output1 is unavailable while using 'Dual clock: use separate read and write clocks'. Defaulted to Don't care.
: txParam_dram.ram_2port_0: Tab Output2 is unavailable while using one read port and one write port.
Info: qsys-generate succeeded.
Info: Finished: Create block symbol file (.bsf)
Info: 
Info: Starting: Create HDL design files for synthesis
Info: qsys-generate E:\Z8\Z8_out_fiber20210207\src\IP\txParam_dram.ip --synthesis=VERILOG --output-directory=E:\Z8\Z8_out_fiber20210207\src\IP\txParam_dram --family="Arria 10" --part=10AX027H4F34E3SG
: txParam_dram.ram_2port_0: Targeting device family: Arria 10.
: txParam_dram.ram_2port_0: 'q_a' output bus width will be ignored while using one read port and one write port mode.
: txParam_dram.ram_2port_0: Tab Output1 is unavailable while using 'Dual clock: use separate read and write clocks'. Defaulted to Don't care.
: txParam_dram.ram_2port_0: Tab Output2 is unavailable while using one read port and one write port.
Info: txParam_dram: "Transforming system: txParam_dram"
Info: txParam_dram: "Naming system components in system: txParam_dram"
Info: txParam_dram: "Processing generation queue"
Info: txParam_dram: "Generating: txParam_dram"
Info: txParam_dram: "Generating: txParam_dram_ram_2port_181_ekolvbi"
Info: txParam_dram: Done "txParam_dram" with 2 modules, 2 files
Info: qsys-generate succeeded.
Info: Finished: Create HDL design files for synthesis
Info: Starting: Generate IP Core Documentation
Info: No documentation filesets were found for components in txParam_dram. No files generated.
Info: Finished: Generate IP Core Documentation
