Info: Generated by version: 18.1 build 222
Info: Starting: Create block symbol file (.bsf)
Info: qsys-generate F:\src_Z8\Z8\Z8_in_HDMI\src\uart\uart_crossrx_dpram.ip --block-symbol-file --output-directory=F:\src_Z8\Z8\Z8_in_HDMI\src\uart\uart_crossrx_dpram --family="Arria 10" --part=10AX027H4F34E3SG
: uart_crossrx_dpram.ram_2port_0: Targeting device family: Arria 10.
: uart_crossrx_dpram.ram_2port_0: Tab Output1 is unavailable while using 'Dual clock: use separate read and write clocks'. Defaulted to Don't care.
: uart_crossrx_dpram.ram_2port_0: Tab Output2 is unavailable while using one read port and one write port.
Info: qsys-generate succeeded.
Info: Finished: Create block symbol file (.bsf)
Info: 
Info: Starting: Create HDL design files for synthesis
Info: qsys-generate F:\src_Z8\Z8\Z8_in_HDMI\src\uart\uart_crossrx_dpram.ip --synthesis=VERILOG --output-directory=F:\src_Z8\Z8\Z8_in_HDMI\src\uart\uart_crossrx_dpram --family="Arria 10" --part=10AX027H4F34E3SG
: uart_crossrx_dpram.ram_2port_0: Targeting device family: Arria 10.
: uart_crossrx_dpram.ram_2port_0: Tab Output1 is unavailable while using 'Dual clock: use separate read and write clocks'. Defaulted to Don't care.
: uart_crossrx_dpram.ram_2port_0: Tab Output2 is unavailable while using one read port and one write port.
Info: uart_crossrx_dpram: "Transforming system: uart_crossrx_dpram"
Info: uart_crossrx_dpram: "Naming system components in system: uart_crossrx_dpram"
Info: uart_crossrx_dpram: "Processing generation queue"
Info: uart_crossrx_dpram: "Generating: uart_crossrx_dpram"
Info: uart_crossrx_dpram: "Generating: uart_crossrx_dpram_ram_2port_181_aceg76a"
Info: uart_crossrx_dpram: Done "uart_crossrx_dpram" with 2 modules, 2 files
Info: qsys-generate succeeded.
Info: Finished: Create HDL design files for synthesis
Info: Starting: Generate IP Core Documentation
Info: No documentation filesets were found for components in uart_crossrx_dpram. No files generated.
Info: Finished: Generate IP Core Documentation
