Info: Generated by version: 18.1 build 222
Info: Starting: Create block symbol file (.bsf)
Info: qsys-generate F:\work\z8t\boardout_fiber\Z8t_out_fiberx2_1.120_2.80_20230509_both_testversion16\src\param_tx\shuttersync\shutter_buff_dpram.ip --block-symbol-file --output-directory=F:\work\z8t\boardout_fiber\Z8t_out_fiberx2_1.120_2.80_20230509_both_testversion16\src\param_tx\shuttersync\shutter_buff_dpram --family="Arria 10" --part=10AX032H4F34E3SG
: shutter_buff_dpram.ram_2port_0: Targeting device family: Arria 10.
: shutter_buff_dpram.ram_2port_0: 'q_a' output bus width will be ignored while using one read port and one write port mode.
: shutter_buff_dpram.ram_2port_0: Tab Output2 is unavailable while using one read port and one write port.
Info: qsys-generate succeeded.
Info: Finished: Create block symbol file (.bsf)
Info: 
Info: Starting: Create HDL design files for synthesis
Info: qsys-generate F:\work\z8t\boardout_fiber\Z8t_out_fiberx2_1.120_2.80_20230509_both_testversion16\src\param_tx\shuttersync\shutter_buff_dpram.ip --synthesis=VERILOG --output-directory=F:\work\z8t\boardout_fiber\Z8t_out_fiberx2_1.120_2.80_20230509_both_testversion16\src\param_tx\shuttersync\shutter_buff_dpram --family="Arria 10" --part=10AX032H4F34E3SG
: shutter_buff_dpram.ram_2port_0: Targeting device family: Arria 10.
: shutter_buff_dpram.ram_2port_0: 'q_a' output bus width will be ignored while using one read port and one write port mode.
: shutter_buff_dpram.ram_2port_0: Tab Output2 is unavailable while using one read port and one write port.
Info: shutter_buff_dpram: "Transforming system: shutter_buff_dpram"
Info: shutter_buff_dpram: "Naming system components in system: shutter_buff_dpram"
Info: shutter_buff_dpram: "Processing generation queue"
Info: shutter_buff_dpram: "Generating: shutter_buff_dpram"
Info: shutter_buff_dpram: "Generating: shutter_buff_dpram_ram_2port_181_7e2g3qi"
Info: shutter_buff_dpram: Done "shutter_buff_dpram" with 2 modules, 2 files
Info: qsys-generate succeeded.
Info: Finished: Create HDL design files for synthesis
Info: Starting: Generate IP Core Documentation
Info: No documentation filesets were found for components in shutter_buff_dpram. No files generated.
Info: Finished: Generate IP Core Documentation
