Info: Generated by version: 18.1 build 222
Info: Starting: Create block symbol file (.bsf)
Info: qsys-generate F:\work\z8t\boardout_fiber\Z8_out_fiber_1.48_20221130_both\src\uart\xgmiirx_cmd_fifo.ip --block-symbol-file --output-directory=F:\work\z8t\boardout_fiber\Z8_out_fiber_1.48_20221130_both\src\uart\xgmiirx_cmd_fifo --family="Arria 10" --part=10AX027H4F34E3SG
: xgmiirx_cmd_fifo.fifo_0: Targeting device family: Arria 10.
: xgmiirx_cmd_fifo.fifo_0: Tab: 'SCFIFO Options' is unavailable while using Dual-Clock FIFO.
: xgmiirx_cmd_fifo.fifo_0: 'Output register option' is unavailable while using Dual-Clock FIFO.
: xgmiirx_cmd_fifo.fifo_0: SDC file will be generated to apply correct constraints. User may experience increase in fitter compilation time
: xgmiirx_cmd_fifo.fifo_0: Embedded set_false_path assignment is disabled.
Info: qsys-generate succeeded.
Info: Finished: Create block symbol file (.bsf)
Info: 
Info: Starting: Create HDL design files for synthesis
Info: qsys-generate F:\work\z8t\boardout_fiber\Z8_out_fiber_1.48_20221130_both\src\uart\xgmiirx_cmd_fifo.ip --synthesis=VERILOG --output-directory=F:\work\z8t\boardout_fiber\Z8_out_fiber_1.48_20221130_both\src\uart\xgmiirx_cmd_fifo --family="Arria 10" --part=10AX027H4F34E3SG
: xgmiirx_cmd_fifo.fifo_0: Targeting device family: Arria 10.
: xgmiirx_cmd_fifo.fifo_0: Tab: 'SCFIFO Options' is unavailable while using Dual-Clock FIFO.
: xgmiirx_cmd_fifo.fifo_0: 'Output register option' is unavailable while using Dual-Clock FIFO.
: xgmiirx_cmd_fifo.fifo_0: SDC file will be generated to apply correct constraints. User may experience increase in fitter compilation time
: xgmiirx_cmd_fifo.fifo_0: Embedded set_false_path assignment is disabled.
Info: xgmiirx_cmd_fifo: "Transforming system: xgmiirx_cmd_fifo"
Info: xgmiirx_cmd_fifo: "Naming system components in system: xgmiirx_cmd_fifo"
Info: xgmiirx_cmd_fifo: "Processing generation queue"
Info: xgmiirx_cmd_fifo: "Generating: xgmiirx_cmd_fifo"
Info: xgmiirx_cmd_fifo: "Generating: xgmiirx_cmd_fifo_fifo_181_wimpj2y"
Info: xgmiirx_cmd_fifo: Done "xgmiirx_cmd_fifo" with 2 modules, 3 files
Info: qsys-generate succeeded.
Info: Finished: Create HDL design files for synthesis
Info: Starting: Generate IP Core Documentation
Info: No documentation filesets were found for components in xgmiirx_cmd_fifo. No files generated.
Info: Finished: Generate IP Core Documentation
