Info: Generated by version: 18.1 build 222
Info: Starting: Create block symbol file (.bsf)
Info: qsys-generate F:\work\z8t\boardout_fiber\Z8t_out_fiberx2_1.120_2.80_20230509_both_testversion16\src\param_tx\shuttersync\shutter_databuff_72bitx512.ip --block-symbol-file --output-directory=F:\work\z8t\boardout_fiber\Z8t_out_fiberx2_1.120_2.80_20230509_both_testversion16\src\param_tx\shuttersync\shutter_databuff_72bitx512 --family="Arria 10" --part=10AX032H4F34E3SG
: shutter_databuff_72bitx512.ram_2port_0: Targeting device family: Arria 10.
: shutter_databuff_72bitx512.ram_2port_0: 'q_a' output bus width will be ignored while using one read port and one write port mode.
: shutter_databuff_72bitx512.ram_2port_0: Tab Output2 is unavailable while using one read port and one write port.
Info: qsys-generate succeeded.
Info: Finished: Create block symbol file (.bsf)
Info: 
Info: Starting: Create HDL design files for synthesis
Info: qsys-generate F:\work\z8t\boardout_fiber\Z8t_out_fiberx2_1.120_2.80_20230509_both_testversion16\src\param_tx\shuttersync\shutter_databuff_72bitx512.ip --synthesis=VERILOG --output-directory=F:\work\z8t\boardout_fiber\Z8t_out_fiberx2_1.120_2.80_20230509_both_testversion16\src\param_tx\shuttersync\shutter_databuff_72bitx512 --family="Arria 10" --part=10AX032H4F34E3SG
: shutter_databuff_72bitx512.ram_2port_0: Targeting device family: Arria 10.
: shutter_databuff_72bitx512.ram_2port_0: 'q_a' output bus width will be ignored while using one read port and one write port mode.
: shutter_databuff_72bitx512.ram_2port_0: Tab Output2 is unavailable while using one read port and one write port.
Info: shutter_databuff_72bitx512: "Transforming system: shutter_databuff_72bitx512"
Info: shutter_databuff_72bitx512: "Naming system components in system: shutter_databuff_72bitx512"
Info: shutter_databuff_72bitx512: "Processing generation queue"
Info: shutter_databuff_72bitx512: "Generating: shutter_databuff_72bitx512"
Info: shutter_databuff_72bitx512: "Generating: shutter_databuff_72bitx512_ram_2port_181_jkz6fxa"
Info: shutter_databuff_72bitx512: Done "shutter_databuff_72bitx512" with 2 modules, 2 files
Info: qsys-generate succeeded.
Info: Finished: Create HDL design files for synthesis
Info: Starting: Generate IP Core Documentation
Info: No documentation filesets were found for components in shutter_databuff_72bitx512. No files generated.
Info: Finished: Generate IP Core Documentation
