Info: Generated by version: 18.1 build 222
Info: Starting: Create block symbol file (.bsf)
Info: qsys-generate E:\work\z8\z8_bk\5g\Z8_BK_5g_2.30_20210818_testversion8\src\bus\ip\ddr_wrreq_cmdfifo.ip --block-symbol-file --output-directory=E:\work\z8\z8_bk\5g\Z8_BK_5g_2.30_20210818_testversion8\src\bus\ip\ddr_wrreq_cmdfifo --family="Arria 10" --part=10AX115N4F45E3SG
: ddr_wrreq_cmdfifo.fifo_0: Targeting device family: Arria 10.
: ddr_wrreq_cmdfifo.fifo_0: Tab: 'SCFIFO Options' is unavailable while using Dual-Clock FIFO.
: ddr_wrreq_cmdfifo.fifo_0: 'Output register option' is unavailable while using Dual-Clock FIFO.
: ddr_wrreq_cmdfifo.fifo_0: SDC file will be generated to apply correct constraints. User may experience increase in fitter compilation time
: ddr_wrreq_cmdfifo.fifo_0: Embedded set_false_path assignment is disabled.
Info: qsys-generate succeeded.
Info: Finished: Create block symbol file (.bsf)
Info: 
Info: Starting: Create HDL design files for synthesis
Info: qsys-generate E:\work\z8\z8_bk\5g\Z8_BK_5g_2.30_20210818_testversion8\src\bus\ip\ddr_wrreq_cmdfifo.ip --synthesis=VERILOG --output-directory=E:\work\z8\z8_bk\5g\Z8_BK_5g_2.30_20210818_testversion8\src\bus\ip\ddr_wrreq_cmdfifo --family="Arria 10" --part=10AX115N4F45E3SG
: ddr_wrreq_cmdfifo.fifo_0: Targeting device family: Arria 10.
: ddr_wrreq_cmdfifo.fifo_0: Tab: 'SCFIFO Options' is unavailable while using Dual-Clock FIFO.
: ddr_wrreq_cmdfifo.fifo_0: 'Output register option' is unavailable while using Dual-Clock FIFO.
: ddr_wrreq_cmdfifo.fifo_0: SDC file will be generated to apply correct constraints. User may experience increase in fitter compilation time
: ddr_wrreq_cmdfifo.fifo_0: Embedded set_false_path assignment is disabled.
Info: ddr_wrreq_cmdfifo: "Transforming system: ddr_wrreq_cmdfifo"
Info: ddr_wrreq_cmdfifo: "Naming system components in system: ddr_wrreq_cmdfifo"
Info: ddr_wrreq_cmdfifo: "Processing generation queue"
Info: ddr_wrreq_cmdfifo: "Generating: ddr_wrreq_cmdfifo"
Info: ddr_wrreq_cmdfifo: "Generating: ddr_wrreq_cmdfifo_fifo_181_da5gw4a"
Info: ddr_wrreq_cmdfifo: Done "ddr_wrreq_cmdfifo" with 2 modules, 3 files
Info: qsys-generate succeeded.
Info: Finished: Create HDL design files for synthesis
