Info: Generated by version: 18.1 build 222
Info: Starting: Create block symbol file (.bsf)
Info: qsys-generate E:\Z8\Z8_out_fiber20210207\src\IP\txParamFifo.ip --block-symbol-file --output-directory=E:\Z8\Z8_out_fiber20210207\src\IP\txParamFifo --family="Arria 10" --part=10AX027H4F34E3SG
: txParamFifo.fifo_0: Targeting device family: Arria 10.
: txParamFifo.fifo_0: Tab: 'SCFIFO Options' is unavailable while using Dual-Clock FIFO.
: txParamFifo.fifo_0: 'Output register option' is unavailable while using Dual-Clock FIFO.
: txParamFifo.fifo_0: SDC file will be generated to apply correct constraints. User may experience increase in fitter compilation time
: txParamFifo.fifo_0: Embedded set_false_path assignment is disabled.
Info: qsys-generate succeeded.
Info: Finished: Create block symbol file (.bsf)
Info: 
Info: Starting: Create HDL design files for synthesis
Info: qsys-generate E:\Z8\Z8_out_fiber20210207\src\IP\txParamFifo.ip --synthesis=VERILOG --output-directory=E:\Z8\Z8_out_fiber20210207\src\IP\txParamFifo --family="Arria 10" --part=10AX027H4F34E3SG
: txParamFifo.fifo_0: Targeting device family: Arria 10.
: txParamFifo.fifo_0: Tab: 'SCFIFO Options' is unavailable while using Dual-Clock FIFO.
: txParamFifo.fifo_0: 'Output register option' is unavailable while using Dual-Clock FIFO.
: txParamFifo.fifo_0: SDC file will be generated to apply correct constraints. User may experience increase in fitter compilation time
: txParamFifo.fifo_0: Embedded set_false_path assignment is disabled.
Info: txParamFifo: "Transforming system: txParamFifo"
Info: txParamFifo: "Naming system components in system: txParamFifo"
Info: txParamFifo: "Processing generation queue"
Info: txParamFifo: "Generating: txParamFifo"
Info: txParamFifo: "Generating: txParamFifo_fifo_181_uon5mzq"
Info: txParamFifo: Done "txParamFifo" with 2 modules, 3 files
Info: qsys-generate succeeded.
Info: Finished: Create HDL design files for synthesis
Info: Starting: Generate IP Core Documentation
Info: No documentation filesets were found for components in txParamFifo. No files generated.
Info: Finished: Generate IP Core Documentation
