Info: Generated by version: 18.1 build 222
Info: Starting: Create block symbol file (.bsf)
Info: qsys-generate F:\hk\Z8_NEW\sub_in\x100_hdmi_4rx\src\fastupdate\dpram_32bit_64.ip --block-symbol-file --output-directory=F:\hk\Z8_NEW\sub_in\x100_hdmi_4rx\src\fastupdate\dpram_32bit_64 --family="Arria 10" --part=10AX027H4F34E3SG
: dpram_32bit_64.ram_2port_0: Targeting device family: Arria 10.
: dpram_32bit_64.ram_2port_0: 'q_a' output bus width will be ignored while using one read port and one write port mode.
: dpram_32bit_64.ram_2port_0: Tab Output1 is unavailable while using 'Dual clock: use separate read and write clocks'. Defaulted to Don't care.
: dpram_32bit_64.ram_2port_0: Tab Output2 is unavailable while using one read port and one write port.
Info: qsys-generate succeeded.
Info: Finished: Create block symbol file (.bsf)
Info: 
Info: Starting: Create HDL design files for synthesis
Info: qsys-generate F:\hk\Z8_NEW\sub_in\x100_hdmi_4rx\src\fastupdate\dpram_32bit_64.ip --synthesis=VERILOG --output-directory=F:\hk\Z8_NEW\sub_in\x100_hdmi_4rx\src\fastupdate\dpram_32bit_64 --family="Arria 10" --part=10AX027H4F34E3SG
: dpram_32bit_64.ram_2port_0: Targeting device family: Arria 10.
: dpram_32bit_64.ram_2port_0: 'q_a' output bus width will be ignored while using one read port and one write port mode.
: dpram_32bit_64.ram_2port_0: Tab Output1 is unavailable while using 'Dual clock: use separate read and write clocks'. Defaulted to Don't care.
: dpram_32bit_64.ram_2port_0: Tab Output2 is unavailable while using one read port and one write port.
Info: dpram_32bit_64: "Transforming system: dpram_32bit_64"
Info: dpram_32bit_64: "Naming system components in system: dpram_32bit_64"
Info: dpram_32bit_64: "Processing generation queue"
Info: dpram_32bit_64: "Generating: dpram_32bit_64"
Info: dpram_32bit_64: "Generating: dpram_32bit_64_ram_2port_181_vmsfvsy"
Info: dpram_32bit_64: Done "dpram_32bit_64" with 2 modules, 2 files
Info: qsys-generate succeeded.
Info: Finished: Create HDL design files for synthesis
Info: Starting: Generate IP Core Documentation
Info: No documentation filesets were found for components in dpram_32bit_64. No files generated.
Info: Finished: Generate IP Core Documentation
