Info: Generated by version: 18.1 build 222
Info: Starting: Create block symbol file (.bsf)
Info: qsys-generate L:\Z8\Z8_boardout\Z8_boardout_20200415\src\uart\uart_rx_dpram.ip --block-symbol-file --output-directory=L:\Z8\Z8_boardout\Z8_boardout_20200415\src\uart\uart_rx_dpram --family="Arria 10" --part=10AX027H4F34E3SG
: uart_rx_dpram.ram_2port_0: Targeting device family: Arria 10.
: uart_rx_dpram.ram_2port_0: Tab Output2 is unavailable while using one read port and one write port.
Info: qsys-generate succeeded.
Info: Finished: Create block symbol file (.bsf)
Info: 
Info: Starting: Create HDL design files for synthesis
Info: qsys-generate L:\Z8\Z8_boardout\Z8_boardout_20200415\src\uart\uart_rx_dpram.ip --synthesis=VERILOG --output-directory=L:\Z8\Z8_boardout\Z8_boardout_20200415\src\uart\uart_rx_dpram --family="Arria 10" --part=10AX027H4F34E3SG
: uart_rx_dpram.ram_2port_0: Targeting device family: Arria 10.
: uart_rx_dpram.ram_2port_0: Tab Output2 is unavailable while using one read port and one write port.
Info: uart_rx_dpram: "Transforming system: uart_rx_dpram"
Info: uart_rx_dpram: "Naming system components in system: uart_rx_dpram"
Info: uart_rx_dpram: "Processing generation queue"
Info: uart_rx_dpram: "Generating: uart_rx_dpram"
Info: uart_rx_dpram: "Generating: uart_rx_dpram_ram_2port_181_b6f4zwq"
Info: uart_rx_dpram: Done "uart_rx_dpram" with 2 modules, 2 files
Info: qsys-generate succeeded.
Info: Finished: Create HDL design files for synthesis
Info: Starting: Generate IP Core Documentation
Info: No documentation filesets were found for components in uart_rx_dpram. No files generated.
Info: Finished: Generate IP Core Documentation
